+ Meta Data Path: /home/huangyunhao/workspace/Metaworm_peridyno/data/fish.meta
  Reading MeditMesh /home/huangyunhao/workspace/Metaworm_peridyno/data/fish_body.mesh ...  Successed! AABB: [0.00581743 0.00710448 0.0096326] [0.14032 0.129629 0.522836] Size: [0.134503 0.122524 0.513203]
  Reading Muscle hyp_L...  Successed!   length: 973  MaxMinAvg: 0.000493885 8.13604e-05 0.000274145
  Reading Muscle hyp_R...  Successed!   length: 289  MaxMinAvg: 0.00181068 0.000162077 0.000928413
  Reading Muscle ep_L...  Successed!   length: 241  MaxMinAvg: 0.00196112 0.00017294 0.00108553
  Reading Muscle ep_R...  Successed!   length: 100  MaxMinAvg: 0.00264821 0.00264604 0.00264818
  Computing center of mass ...  7211 Done
  Computing center index ...  71 Done
  Init Worm...  FEM material regions:
    label 0 tets=13108 youngs_modulus=200000
    label 1 tets=11568 youngs_modulus=400000
 Vertices: 7950 Triangles: 98704 Tets: 24676 Countours: 14284 Constraints: 28718
               Volume: 0.00201391 Surface Area: 0.127029 Mass: 10
Total degree of freedom : 23850
Total constraints : 28718
OpenMP max threads: 32
[PeridynoBridge] GPU excluded 97384 particles inside fish surface mesh (14284 triangles, dot(P-Q,n)>0, 4.7 ms)
[PeridynoBridge] Initialized: 0 fluid particles, spacing=0.011, h=0.022, domain  -0.126931 -0.0816333  -0.246969 to 0.273069 0.218367 0.779437
  substeps=4 contact(stiffness=10 damping=2) vap_hydro=on
[Environment] GPU SPH solver initialized.
[Environment] Fluid domain (fish-centered):  -0.126931 -0.0816333  -0.246969 to 0.273069 0.218367 0.779437  fish_center=0.0730689 0.0683667  0.266234  domain_half=     0.2     0.15 0.513203  fish_size=0.134503 0.122524 0.513203
Avg Coord Velocity: [0, 0, 0]  0  Target Velocity: [0.15575, 0.148523, -0.0175529]  0.215929
=== FSI snapshot ===
seconds=1.5 sim_hz=480 t=[0.5,1.5] step=0.5 max_force=5 ramp_sec=0.5 hydro_scale=0.1 flow=(0,0,0) ghost_stride=1 ghost_div_scale=0.02 ghost_vel_scale=0.05 substeps=18 dx=0.011 torque_only=0
[PeridynoBridge] Boundary: 7950 vertices
[PeridynoBridge] Faces: 14284 triangles, total surface area=0.127029 m^2
[PeridynoBridge] VAP ghost: 1270/7144 surface (stride=1, spacing_scale=1, FEM nv=7950)
[FEM] PD iter=13 eval_ms=61.0302 solve_ms=130.257
[2026-06-18 17:52:06.431] [WARN FEM t=0.0021s iter=1 sph_ms=1.65 fem_ms=192.06 step_ms=193.75] volume_ratio=0.999440 tet_ratio=[0.5894, 1.3800] inverted=0 total_vol=2.012777e-03 m^3 | FSI(1s n=0): contact_avg=0.00 N peak=0.0000 N, hydro_avg=0.00 N peak=0.0000 N
[FEM] PD iter=8 eval_ms=11.1183 solve_ms=83.3405
[FEM] PD iter=6 eval_ms=7.71203 solve_ms=58.3033
[FEM] PD iter=6 eval_ms=33.6832 solve_ms=57.6703
warn: half-second monitor skipped (invalid snapshot) t=0.5 iter=240
warn: snapshot invalid at iter 240
[FEM] PD iter=9 eval_ms=48.3341 solve_ms=92.0431
[FEM] PD iter=5 eval_ms=30.7932 solve_ms=53.1154
[FEM] PD iter=5 eval_ms=6.82798 solve_ms=46.9643
[FEM] PD iter=5 eval_ms=8.19384 solve_ms=50.637
warn: half-second monitor skipped (invalid snapshot) t=1 iter=480
warn: snapshot invalid at iter 480
[FEM] PD iter=9 eval_ms=21.0511 solve_ms=89.7996
[FEM] PD iter=4 eval_ms=5.24648 solve_ms=37.7597
[FEM] PD iter=5 eval_ms=7.89431 solve_ms=47.1877
[FEM] PD iter=6 eval_ms=8.36652 solve_ms=57.0666
warn: half-second monitor skipped (invalid snapshot) t=1.5 iter=720
warn: snapshot invalid at iter 720
SUMMARY sim_time=1.5 avg_step_ms=77.1651 last_step_ms=43.5105 max_step_ms=625.724 final_vol=0.952962 final_inverted=9 com_disp=(-9.00284e-12,-1.04705e-11,-2.798e-11) ub_disp=(-0.015042,0.0147404,0.000870839) com_disp_z=-2.798e-11 ub_disp_z=0.000870839 hydro_nonzero_surf=0/7144 hydro_nonzero_pct=0 ghost_stride=1 flow=(0,0,0)
done. summary -> result/flow_0/run_1/torque_summary.csv
displacement -> result/flow_0/run_1/displacement_summary.txt
